make all --print-data-base --no-builtin-variables --no-builtin-rules --question
# GNU Make 3.82
 
# Built for x86_64-koji-linux-gnu
 
# Copyright (C) 2010  Free Software Foundation, Inc.
 
# License GPLv3+: GNU GPL version 3 or later <http://gnu.org/licenses/gpl.html>
 
# This is free software: you are free to change and redistribute it.
 
# There is NO WARRANTY, to the extent permitted by law.
 

 
# Make data base, printed on Sat May 28 06:11:13 2022
 

# Variables
 

 
# automatic
 
<D = $(patsubst %/,%,$(dir $<))
 
# automatic
 
?F = $(notdir $?)
 
# environment
 
AWS_SECRET_ACCESS_KEY = KvHtlTqSRt933VBNViZrdICINfm4c5yDwc9gKSaK
 
# default
.SHELLFLAGS := -c
# environment
VSCODE_AGENT_FOLDER = /home/ec2-user/.vscode-server
# environment
VSCODE_LOG_NATIVE = false
# automatic
?D = $(patsubst %/,%,$(dir $?))
# automatic
@D = $(patsubst %/,%,$(dir $@))
# automatic
@F = $(notdir $@)
# default
MAKE_VERSION := 3.82
# makefile
CURDIR := /home/ec2-user/Fudan_OOT_2022
# makefile
SHELL = /bin/sh
# environment
VSCODE_NLS_CONFIG = {"locale":"zh-cn","availableLanguages":{"*":"zh-cn"},"_languagePackId":"42e84e0914b17800d483f69e299e1b00.zh-cn","_translationsConfigFile":"/home/ec2-user/.vscode-server/data/clp/42e84e0914b17800d483f69e299e1b00.zh-cn/tcf.json","_cacheRoot":"/home/ec2-user/.vscode-server/data/clp/42e84e0914b17800d483f69e299e1b00.zh-cn","_resolvedLanguagePackCoreLocation":"/home/ec2-user/.vscode-server/data/clp/42e84e0914b17800d483f69e299e1b00.zh-cn/c3511e6c69bb39013c4a4b7b9566ec1ca73fc4d5","_corruptedFile":"/home/ec2-user/.vscode-server/data/clp/42e84e0914b17800d483f69e299e1b00.zh-cn/corrupted.info","_languagePackSupport":true}
# environment
_ = /usr/bin/make
# environment
PHERO_CLUSTER_NAME = pheromone.farlandz.com
# makefile (from `Makefile', line 1)
MAKEFILE_LIST :=  Makefile
# environment
HISTCONTROL = ignoredups
# environment
VSCODE_VERBOSE_LOGGING = true
# environment
LESSOPEN = ||/usr/bin/lesspipe.sh %s
# environment
VSCODE_CWD = /home/ec2-user
# makefile (from `Makefile', line 4)
TEST_SRC = ./src/test.cpp ./src/canvas.cpp
# environment
SSH_CONNECTION = 167.220.233.229 5744 172.31.30.90 22
# environment
PATH = /home/ec2-user/.vscode-server/bin/c3511e6c69bb39013c4a4b7b9566ec1ca73fc4d5/bin/remote-cli:/usr/local/bin:/usr/bin:/usr/local/sbin:/usr/sbin:/home/ec2-user/.local/bin:/home/ec2-user/bin
# environment
XDG_RUNTIME_DIR = /run/user/1000
# environment
VSCODE_LOG_STACK = false
# default
.FEATURES := target-specific order-only second-expansion else-if shortest-stem undefine oneshell archives jobserver check-symlink
# automatic
%F = $(notdir $%)
# environment
VSCODE_PIPE_LOGGING = true
# environment
PWD = /home/ec2-user/Fudan_OOT_2022
# environment
VSCODE_IPC_HOOK_CLI = /run/user/1000/vscode-ipc-a1183bf8-40ce-48e3-9bf7-858f383aadc1.sock
# automatic
*D = $(patsubst %/,%,$(dir $*))
# environment
VSCODE_AMD_ENTRYPOINT = vs/workbench/api/node/extensionHostProcess
# environment
HOME = /home/ec2-user
# environment
LOGNAME = ec2-user
# environment
APPLICATION_INSIGHTS_NO_DIAGNOSTIC_CHANNEL = true
# automatic
+F = $(notdir $+)
# environment
KOPS_STATE_STORE = s3://kops-pheromone-setup-state-store
# makefile (from `Makefile', line 2)
CPP_OBJ = $(patsubst %cpp, %o, $(CPP_SRC))  
# environment
VSCODE_HANDLES_UNCAUGHT_ERRORS = true
# automatic
^D = $(patsubst %/,%,$(dir $^))
# environment
HOSTNAME = ip-172-31-30-90.ec2.internal
# environment
MAKELEVEL := 0
# default
MAKE = $(MAKE_COMMAND)
# default
MAKECMDGOALS := all
# environment
SHLVL = 5
# makefile (from `Makefile', line 3)
CC = g++ 
# environment
XDG_SESSION_ID = 9022
# environment
USER = ec2-user
# makefile
.DEFAULT_GOAL := test
# automatic
%D = $(patsubst %/,%,$(dir $%))
# environment
AWS_ACCESS_KEY_ID = AKIAV5BFGSKIGZYVCWNM
# default
MAKE_COMMAND := make
# default
.VARIABLES := 
# automatic
*F = $(notdir $*)
# makefile
MAKEFLAGS = Rrqp
# environment
MFLAGS = -Rrqp
# environment
SSH_CLIENT = 167.220.233.229 5744 22
# environment
MAIL = /var/spool/mail/ec2-user
# automatic
+D = $(patsubst %/,%,$(dir $+))
# environment
PHERO_HOME = /home/ec2-user/pheromone
# environment
BROWSER = /home/ec2-user/.vscode-server/bin/c3511e6c69bb39013c4a4b7b9566ec1ca73fc4d5/bin/helpers/browser.sh
# environment
VSCODE_HANDLES_SIGPIPE = true
# default
MAKEFILES := 
# automatic
<F = $(notdir $<)
# makefile (from `Makefile', line 5)
TEST_OBJ = ./src/test.o ./src/canvas.o
# environment
LC_ALL = C
# automatic
^F = $(notdir $^)
# default
SUFFIXES := 
# environment
HISTSIZE = 1000
# makefile (from `Makefile', line 1)
CPP_SRC = $(wildcard ./src/*.cpp)  
# default
.INCLUDE_DIRS = /usr/include /usr/local/include /usr/include
# default
.RECIPEPREFIX := 
# environment
LANG = C
# environment
VSCODE_EXTHOST_WILL_SEND_SOCKET = true
# variable set hash-table stats:
# Load=74/1024=7%, Rehash=0, Collisions=7/97=7%

# Pattern-specific Variable Values

# No pattern-specific variable values.

# Directories

# . (device 51713, inode 9224795): 12 files, no impossibilities.

# 12 files, no impossibilities in 1 directories.

# Implicit Rules

# No implicit rules.

# Files

all:
#  Phony target (prerequisite of .PHONY).
#  Command line target.
#  Implicit rule search has not been done.
#  File does not exist.
#  File has been updated.
#  Successfully updated.

.PHONY: all clean
#  Implicit rule search has not been done.
#  Modification time never checked.
#  File has not been updated.

# Not a target:
.SUFFIXES:
#  Implicit rule search has not been done.
#  Modification time never checked.
#  File has not been updated.

# Not a target:
Makefile:
#  Implicit rule search has been done.
#  Last modified 2022-05-25 09:09:20.898515238
#  File has been updated.
#  Successfully updated.

test: src/test.o src/canvas.o
#  Implicit rule search has not been done.
#  Modification time never checked.
#  File has not been updated.
#  recipe to execute (from `Makefile', line 10):
	$(CC) $(TEST_OBJ) -o $@

# Not a target:
src/test.o:
#  Implicit rule search has not been done.
#  Modification time never checked.
#  File has not been updated.

# Not a target:
.DEFAULT:
#  Implicit rule search has not been done.
#  Modification time never checked.
#  File has not been updated.

.cpp.o:
#  Implicit rule search has not been done.
#  Modification time never checked.
#  File has not been updated.
#  recipe to execute (from `Makefile', line 13):
	$(CC) -o $@ -c $<

clean:
#  Phony target (prerequisite of .PHONY).
#  Implicit rule search has not been done.
#  File does not exist.
#  File has not been updated.

# Not a target:
src/canvas.o:
#  Implicit rule search has not been done.
#  Modification time never checked.
#  File has not been updated.

# files hash-table stats:
# Load=10/1024=1%, Rehash=0, Collisions=0/24=0%
# VPATH Search Paths

# No `vpath' search paths.

# No general (`VPATH' variable) search path.

# # of strings in strcache: 0 / lookups = 31 / hits = 31
# # of strcache buffers: 1 (* 8176 B/buffer = 8176 B)
# strcache used: total = 0 (180) / max = 0 / min = 8176 / avg = 0
# strcache free: total = 0 (7996) / max = 0 / min = 8176 / avg = 0

# strcache hash-table stats:
# Load=22/8192=0%, Rehash=0, Collisions=1/31=3%
# Finished Make data base on Sat May 28 06:11:13 2022

 
